# JRE version: OpenJDK Runtime Environment (8.0_152-b01) (build 1.8.0_152-release-1024-b01)
# Java VM: OpenJDK 64-Bit Server VM (25.152-b01 mixed mode bsd-amd64 compressed oops)
Heap:
 PSYoungGen      total 434176K, used 107689K [0x00000007a0000000, 0x00000007c0000000, 0x00000007c0000000)
  eden space 344064K, 30% used [0x00000007a0000000,0x00000007a66f74f0,0x00000007b5000000)
  from space 90112K, 2% used [0x00000007b5000000,0x00000007b5233010,0x00000007ba800000)
  to   space 88576K, 0% used [0x00000007ba980000,0x00000007ba980000,0x00000007c0000000)
 ParOldGen       total 280576K, used 116881K [0x0000000760000000, 0x0000000771200000, 0x00000007a0000000)
  object space 280576K, 41% used [0x0000000760000000,0x0000000767224768,0x0000000771200000)
 Metaspace       used 87065K, capacity 92624K, committed 92888K, reserved 1130496K
  class space    used 10886K, capacity 11881K, committed 11992K, reserved 1048576K
GC Heap History (10 events):
Event: 10305.149 GC heap before
{Heap before GC invocations=171 (full 10):
 PSYoungGen      total 377344K, used 34379K [0x00000007a0000000, 0x00000007bf800000, 0x00000007c0000000)
  eden space 342528K, 0% used [0x00000007a0000000,0x00000007a0000000,0x00000007b4e80000)
  from space 34816K, 98% used [0x00000007b4e80000,0x00000007b7012df0,0x00000007b7080000)
  to   space 84992K, 0% used [0x00000007ba500000,0x00000007ba500000,0x00000007bf800000)
 ParOldGen       total 342016K, used 310232K [0x0000000760000000, 0x0000000774e00000, 0x00000007a0000000)
  object space 342016K, 90% used [0x0000000760000000,0x0000000772ef61d0,0x0000000774e00000)
 Metaspace       used 87030K, capacity 92552K, committed 92888K, reserved 1130496K
  class space    used 10886K, capacity 11881K, committed 11992K, reserved 1048576K
Event: 10305.600 GC heap after
Heap after GC invocations=171 (full 10):
 PSYoungGen      total 377344K, used 0K [0x00000007a0000000, 0x00000007bf800000, 0x00000007c0000000)
  eden space 342528K, 0% used [0x00000007a0000000,0x00000007a0000000,0x00000007b4e80000)
  from space 34816K, 0% used [0x00000007b4e80000,0x00000007b4e80000,0x00000007b7080000)
  to   space 84992K, 0% used [0x00000007ba500000,0x00000007ba500000,0x00000007bf800000)
 ParOldGen       total 280576K, used 95686K [0x0000000760000000, 0x0000000771200000, 0x00000007a0000000)
  object space 280576K, 34% used [0x0000000760000000,0x0000000765d71af8,0x0000000771200000)
 Metaspace       used 87030K, capacity 92552K, committed 92888K, reserved 1130496K
  class space    used 10886K, capacity 11881K, committed 11992K, reserved 1048576K
}
Event: 10334.590 GC heap before
{Heap before GC invocations=172 (full 10):
 PSYoungGen      total 377344K, used 342528K [0x00000007a0000000, 0x00000007bf800000, 0x00000007c0000000)
  eden space 342528K, 100% used [0x00000007a0000000,0x00000007b4e80000,0x00000007b4e80000)
  from space 34816K, 0% used [0x00000007b4e80000,0x00000007b4e80000,0x00000007b7080000)
  to   space 84992K, 0% used [0x00000007ba500000,0x00000007ba500000,0x00000007bf800000)
 ParOldGen       total 280576K, used 95686K [0x0000000760000000, 0x0000000771200000, 0x00000007a0000000)
  object space 280576K, 34% used [0x0000000760000000,0x0000000765d71af8,0x0000000771200000)
 Metaspace       used 87055K, capacity 92620K, committed 92888K, reserved 1130496K
  class space    used 10886K, capacity 11881K, committed 11992K, reserved 1048576K
Event: 10334.602 GC heap after
Heap after GC invocations=172 (full 10):
 PSYoungGen      total 432640K, used 4476K [0x00000007a0000000, 0x00000007c0000000, 0x00000007c0000000)
  eden space 347648K, 0% used [0x00000007a0000000,0x00000007a0000000,0x00000007b5380000)
  from space 84992K, 5% used [0x00000007ba500000,0x00000007ba95f000,0x00000007bf800000)
  to   space 83456K, 0% used [0x00000007b5380000,0x00000007b5380000,0x00000007ba500000)
 ParOldGen       total 280576K, used 95694K [0x0000000760000000, 0x0000000771200000, 0x00000007a0000000)
  object space 280576K, 34% used [0x0000000760000000,0x0000000765d73af8,0x0000000771200000)
 Metaspace       used 87055K, capacity 92620K, committed 92888K, reserved 1130496K
  class space    used 10886K, capacity 11881K, committed 11992K, reserved 1048576K
}
Event: 10339.439 GC heap before
{Heap before GC invocations=173 (full 10):
 PSYoungGen      total 432640K, used 350829K [0x00000007a0000000, 0x00000007c0000000, 0x00000007c0000000)
  eden space 347648K, 99% used [0x00000007a0000000,0x00000007b523c6d8,0x00000007b5380000)
  from space 84992K, 5% used [0x00000007ba500000,0x00000007ba95f000,0x00000007bf800000)
  to   space 83456K, 0% used [0x00000007b5380000,0x00000007b5380000,0x00000007ba500000)
 ParOldGen       total 280576K, used 95694K [0x0000000760000000, 0x0000000771200000, 0x00000007a0000000)
  object space 280576K, 34% used [0x0000000760000000,0x0000000765d73af8,0x0000000771200000)
 Metaspace       used 87065K, capacity 92624K, committed 92888K, reserved 1130496K
  class space    used 10886K, capacity 11881K, committed 11992K, reserved 1048576K
Event: 10339.462 GC heap after
Heap after GC invocations=173 (full 10):
 PSYoungGen      total 431104K, used 8429K [0x00000007a0000000, 0x00000007bfa80000, 0x00000007c0000000)
  eden space 347648K, 0% used [0x00000007a0000000,0x00000007a0000000,0x00000007b5380000)
  from space 83456K, 10% used [0x00000007b5380000,0x00000007b5bbb478,0x00000007ba500000)
  to   space 81408K, 0% used [0x00000007bab00000,0x00000007bab00000,0x00000007bfa80000)
 ParOldGen       total 280576K, used 99738K [0x0000000760000000, 0x0000000771200000, 0x00000007a0000000)
  object space 280576K, 35% used [0x0000000760000000,0x0000000766166930,0x0000000771200000)
 Metaspace       used 87065K, capacity 92624K, committed 92888K, reserved 1130496K
  class space    used 10886K, capacity 11881K, committed 11992K, reserved 1048576K
}
Event: 10340.528 GC heap before
{Heap before GC invocations=174 (full 10):
 PSYoungGen      total 431104K, used 272184K [0x00000007a0000000, 0x00000007bfa80000, 0x00000007c0000000)
  eden space 347648K, 75% used [0x00000007a0000000,0x00000007b0192cb0,0x00000007b5380000)
  from space 83456K, 10% used [0x00000007b5380000,0x00000007b5bbb478,0x00000007ba500000)
  to   space 81408K, 0% used [0x00000007bab00000,0x00000007bab00000,0x00000007bfa80000)
 ParOldGen       total 280576K, used 99738K [0x0000000760000000, 0x0000000771200000, 0x00000007a0000000)
  object space 280576K, 35% used [0x0000000760000000,0x0000000766166930,0x0000000771200000)
 Metaspace       used 87065K, capacity 92624K, committed 92888K, reserved 1130496K
  class space    used 10886K, capacity 11881K, committed 11992K, reserved 1048576K
Event: 10340.557 GC heap after
Heap after GC invocations=174 (full 10):
 PSYoungGen      total 425472K, used 64332K [0x00000007a0000000, 0x00000007c0000000, 0x00000007c0000000)
  eden space 344064K, 0% used [0x00000007a0000000,0x00000007a0000000,0x00000007b5000000)
  from space 81408K, 79% used [0x00000007bab00000,0x00000007be9d3080,0x00000007bfa80000)
  to   space 90112K, 0% used [0x00000007b5000000,0x00000007b5000000,0x00000007ba800000)
 ParOldGen       total 280576K, used 107869K [0x0000000760000000, 0x0000000771200000, 0x00000007a0000000)
  object space 280576K, 38% used [0x0000000760000000,0x00000007669576f8,0x0000000771200000)
 Metaspace       used 87065K, capacity 92624K, committed 92888K, reserved 1130496K
  class space    used 10886K, capacity 11881K, committed 11992K, reserved 1048576K
}
Event: 10342.029 GC heap before
{Heap before GC invocations=175 (full 10):
 PSYoungGen      total 425472K, used 406227K [0x00000007a0000000, 0x00000007c0000000, 0x00000007c0000000)
  eden space 344064K, 99% used [0x00000007a0000000,0x00000007b4de1f18,0x00000007b5000000)
  from space 81408K, 79% used [0x00000007bab00000,0x00000007be9d3080,0x00000007bfa80000)
  to   space 90112K, 0% used [0x00000007b5000000,0x00000007b5000000,0x00000007ba800000)
 ParOldGen       total 280576K, used 107869K [0x0000000760000000, 0x0000000771200000, 0x00000007a0000000)
  object space 280576K, 38% used [0x0000000760000000,0x00000007669576f8,0x0000000771200000)
 Metaspace       used 87065K, capacity 92624K, committed 92888K, reserved 1130496K
  class space    used 10886K, capacity 11881K, committed 11992K, reserved 1048576K
Event: 10342.049 GC heap after
Heap after GC invocations=175 (full 10):
 PSYoungGen      total 434176K, used 2252K [0x00000007a0000000, 0x00000007c0000000, 0x00000007c0000000)
  eden space 344064K, 0% used [0x00000007a0000000,0x00000007a0000000,0x00000007b5000000)
  from space 90112K, 2% used [0x00000007b5000000,0x00000007b5233010,0x00000007ba800000)
  to   space 88576K, 0% used [0x00000007ba980000,0x00000007ba980000,0x00000007c0000000)
 ParOldGen       total 280576K, used 116881K [0x0000000760000000, 0x0000000771200000, 0x00000007a0000000)
  object space 280576K, 41% used [0x0000000760000000,0x0000000767224768,0x0000000771200000)
 Metaspace       used 87065K, capacity 92624K, committed 92888K, reserved 1130496K
  class space    used 10886K, capacity 11881K, committed 11992K, reserved 1048576K
}

